SF:lib/user_interface/article_screen.dart
DA:7,2
DA:9,1
DA:10,1
DA:16,1
DA:18,4
DA:19,1
DA:20,0
DA:21,0
DA:22,0
DA:23,0
DA:24,0
DA:25,0
DA:26,0
DA:27,0
DA:30,0
DA:31,0
DA:32,0
DA:33,0
DA:38,0
DA:40,1
DA:43,1
DA:46,3
DA:47,1
DA:48,1
DA:56,1
DA:58,1
DA:60,2
DA:67,1
DA:68,0
DA:69,0
DA:70,0
DA:71,0
DA:72,1
DA:73,1
DA:74,1
DA:76,1
DA:78,1
DA:79,1
DA:80,1
DA:81,3
DA:84,1
DA:85,0
DA:86,0
DA:88,1
DA:89,2
DA:90,1
DA:91,1
DA:92,1
DA:94,0
DA:95,0
DA:97,0
DA:101,1
DA:102,1
LF:53
LH:31
end_of_record
SF:lib/application_services/blocs/news_bloc.dart
DA:13,0
DA:14,0
DA:16,0
DA:17,0
DA:20,0
DA:22,0
DA:23,0
DA:24,0
LF:8
LH:0
end_of_record
SF:lib/application_services/blocs/news_event.dart
DA:5,1
DA:9,1
LF:2
LH:2
end_of_record
SF:lib/application_services/blocs/news_state.dart
DA:5,1
DA:9,1
DA:13,0
DA:19,0
LF:4
LH:2
end_of_record
SF:lib/domain_models/news_article.dart
DA:2,0
LF:1
LH:0
end_of_record
SF:lib/domain_services/news_repository.dart
DA:5,0
LF:1
LH:0
end_of_record
SF:lib/news_glance_app.dart
DA:6,0
DA:9,0
DA:11,0
DA:13,0
DA:14,0
DA:15,0
DA:16,0
DA:21,0
DA:22,0
DA:23,0
LF:10
LH:0
end_of_record
SF:lib/router/routes.dart
DA:12,0
DA:13,0
DA:14,0
DA:15,0
DA:16,0
DA:17,0
DA:18,0
DA:24,0
DA:25,0
DA:28,0
DA:30,0
DA:32,0
DA:33,0
DA:34,0
DA:39,0
LF:15
LH:0
end_of_record
SF:lib/user_interface/article_web_screen.dart
DA:6,1
DA:8,0
DA:9,0
DA:15,0
DA:17,0
DA:18,0
DA:19,0
DA:20,0
DA:21,0
DA:22,0
DA:23,0
DA:24,0
DA:27,0
DA:28,0
DA:29,0
DA:30,0
DA:35,0
DA:37,0
DA:40,0
DA:43,0
DA:44,0
DA:52,0
DA:54,0
DA:56,0
DA:62,0
DA:63,0
DA:64,0
DA:66,0
LF:28
LH:1
end_of_record
SF:lib/user_interface/home_page.dart
DA:8,1
DA:10,0
DA:12,0
DA:20,0
DA:23,0
DA:24,0
DA:25,0
DA:26,0
DA:27,0
DA:30,0
DA:31,0
DA:32,0
DA:34,0
DA:35,0
DA:36,0
DA:37,0
DA:38,0
DA:41,0
DA:42,0
DA:43,0
DA:44,0
DA:48,0
DA:50,0
DA:53,0
DA:62,0
DA:64,0
DA:68,0
DA:73,0
DA:74,0
DA:75,0
DA:76,0
DA:77,0
DA:81,0
DA:90,0
DA:91,0
DA:92,0
DA:93,0
DA:94,0
DA:96,0
DA:97,0
DA:105,0
DA:106,0
DA:107,0
DA:108,0
DA:111,0
DA:112,0
DA:113,0
DA:117,0
DA:124,0
DA:125,0
DA:126,0
DA:127,0
DA:131,0
DA:132,0
DA:133,0
DA:135,0
DA:137,0
DA:140,0
DA:141,0
DA:143,0
DA:151,0
DA:165,0
DA:171,0
DA:172,0
DA:181,0
DA:184,0
DA:186,0
LF:67
LH:1
end_of_record
