SF:lib/ui/article_screen.dart
DA:7,1
DA:9,1
DA:10,1
DA:16,1
DA:18,4
DA:19,1
DA:20,0
DA:21,0
DA:22,0
DA:23,0
DA:24,0
DA:25,0
DA:26,0
DA:27,0
DA:30,0
DA:31,0
DA:32,0
DA:33,0
DA:38,0
DA:40,1
DA:43,1
DA:46,3
DA:47,1
DA:48,1
DA:56,1
DA:58,1
DA:60,2
DA:67,1
DA:68,0
DA:69,0
DA:70,0
DA:71,0
DA:72,1
DA:73,1
DA:74,1
DA:76,1
DA:78,1
DA:79,1
DA:80,1
DA:81,3
DA:84,1
DA:85,0
DA:86,0
DA:88,1
DA:89,2
DA:90,1
DA:91,1
DA:92,1
DA:94,0
DA:95,0
DA:97,0
DA:101,1
DA:103,1
DA:104,1
DA:105,1
DA:106,1
DA:108,1
DA:109,1
DA:110,1
DA:111,1
DA:114,1
DA:115,1
LF:62
LH:40
end_of_record
SF:lib/domain_models/news_article.dart
DA:2,0
LF:1
LH:0
end_of_record
